#
# A fatal error has been detected by the Java Runtime Environment:
#
#  SIGSEGV (0xb) at pc=0x00007fff204b70f0, pid=1528, tid=0x0000000000009303
#
# JRE version: Java(TM) SE Runtime Environment (8.0_111-b14) (build 1.8.0_111-b14)
# Java VM: Java HotSpot(TM) 64-Bit Server VM (25.111-b14 mixed mode bsd-amd64 compressed oops)
# Problematic frame:
# C  [libsystem_platform.dylib+0x10f0]  _platform_memmove$VARIANT$Haswell+0xf0
#
# Failed to write core dump. Core dumps have been disabled. To enable core dumping, try "ulimit -c unlimited" before starting Java again
#
# If you would like to submit a bug report, please visit:
#   http://bugreport.java.com/bugreport/crash.jsp
# The crash happened outside the Java Virtual Machine in native code.
# See problematic frame for where to report the bug.
#

---------------  T H R E A D  ---------------

Current thread (0x00007fc46cbae800):  JavaThread "http-nio-9900-exec-1" daemon [_thread_in_native, id=37635, stack(0x0000700003ebe000,0x0000700003fbe000)]

siginfo: si_signo: 11 (SIGSEGV), si_code: 1 (SEGV_MAPERR), si_addr: 0x00000000000741d4

Registers:
RAX=0x0000700003fbaf90, RBX=0x0000000000000000, RCX=0x0000000000000010, RDX=0x0000000000000084
RSP=0x0000700003fbaed0, RBP=0x0000700003fbaed0, RSI=0x00000000000741d4, RDI=0x0000700003fbaf90
R8 =0x000000000000933a, R9 =0x000000000000934e, R10=0x00000000ffffc000, R11=0x0000700003f46dbc
R12=0x0000000000000000, R13=0x0000700003fbaf90, R14=0x0000000000000000, R15=0x0000000000000000
RIP=0x00007fff204b70f0, EFLAGS=0x0000000000010287, ERR=0x0000000000000004
  TRAPNO=0x000000000000000e

Top of Stack: (sp=0x0000700003fbaed0)
0x0000700003fbaed0:   0000700003fbb080 000000011da101e3
0x0000700003fbaee0:   0000700003fbaf80 00007fff2029d8ad
0x0000700003fbaef0:   f69bc000c0001000 0000000104aeffff
0x0000700003fbaf00:   0000000000000053 0000000000000009
0x0000700003fbaf10:   0000000000000015 00007fc470097410
0x0000700003fbaf20:   0000000000000015 0000000102369a00
0x0000700003fbaf30:   0000700003fbaf70 00007fff2029e05a
0x0000700003fbaf40:   0000000000000000 0000000000000000
0x0000700003fbaf50:   0000000000000000 0000000000000015
0x0000700003fbaf60:   0000000102369a00 0000000102369a00
0x0000700003fbaf70:   0000700003fbb010 0000700003fbb090
0x0000700003fbaf80:   f69bc000c0001000 000000000000ffff
0x0000700003fbaf90:   0000000000000000 0000000000000001
0x0000700003fbafa0:   0000000102369a00 0000000102369a00
0x0000700003fbafb0:   0000700003fbb050 00007fff2029d8ad
0x0000700003fbafc0:   00000000c0001000 000000011e06ffff
0x0000700003fbafd0:   0000000102367080 0000000003fbb018
0x0000700003fbafe0:   0000000000000015 000000011df7a778
0x0000700003fbaff0:   0000000000000150 000000011df7a700
0x0000700003fbb000:   0000000000000000 0000000102363000
0x0000700003fbb010:   0000700003fbb040 00007fff2029c7b7
0x0000700003fbb020:   000000011df7a778 0000000000000150
0x0000700003fbb030:   0000000000000001 00007fff80782000
0x0000700003fbb040:   0000700003fbb080 00007fff202b5ff5
0x0000700003fbb050:   3c865a6f00000000 00007fc470097410
0x0000700003fbb060:   0000000000000000 000000011df7a778
0x0000700003fbb070:   000000011da10190 0000000000000000
0x0000700003fbb080:   0000700003fbb0c0 000000011da09c78
0x0000700003fbb090:   0000000000000000 0000000000000000
0x0000700003fbb0a0:   3c865a6f0ee600c6 000000011df7a778
0x0000700003fbb0b0:   0000700003fbb300 00007fc46cbae800
0x0000700003fbb0c0:   0000700003fbb270 000000011e0627fd 

Instructions: (pc=0x00007fff204b70f0)
0x00007fff204b70d0:   42 8a 4c 06 01 42 88 4c 07 01 49 83 c0 02 48 83
0x00007fff204b70e0:   ea 01 75 de 5d c3 66 2e 0f 1f 84 00 00 00 00 00
0x00007fff204b70f0:   c5 fc 10 06 48 83 c7 20 48 83 e7 e0 48 89 f9 48
0x00007fff204b7100:   29 c1 48 01 ce 48 29 ca c5 fc 10 0e c5 fc 11 00 

Register to memory mapping:

RAX=0x0000700003fbaf90 is pointing into the stack for thread: 0x00007fc46cbae800
RBX=0x0000000000000000 is an unknown value
RCX=0x0000000000000010 is an unknown value
RDX=0x0000000000000084 is an unknown value
RSP=0x0000700003fbaed0 is pointing into the stack for thread: 0x00007fc46cbae800
RBP=0x0000700003fbaed0 is pointing into the stack for thread: 0x00007fc46cbae800
RSI=0x00000000000741d4 is an unknown value
RDI=0x0000700003fbaf90 is pointing into the stack for thread: 0x00007fc46cbae800
R8 =0x000000000000933a is an unknown value
R9 =0x000000000000934e is an unknown value
R10=0x00000000ffffc000 is an unknown value
R11=0x0000700003f46dbc is pointing into the stack for thread: 0x00007fc46cbae800
R12=0x0000000000000000 is an unknown value
R13=0x0000700003fbaf90 is pointing into the stack for thread: 0x00007fc46cbae800
R14=0x0000000000000000 is an unknown value
R15=0x0000000000000000 is an unknown value


Stack: [0x0000700003ebe000,0x0000700003fbe000],  sp=0x0000700003fbaed0,  free space=1011k
Native frames: (J=compiled Java code, j=interpreted, Vv=VM code, C=native code)
C  [libsystem_platform.dylib+0x10f0]  _platform_memmove$VARIANT$Haswell+0xf0
C  [libwbcrypto.dylib+0x141e3]  WBCRYPTO_wbsm4_encrypt+0x53
C  [libwbcrypto.dylib+0xdc78]  WBCRYPTO_gcm_init+0x68
C  [main.so+0x47fd]  Java_com_scnu_lwg_jni_JniInterface_wbSm4Dec+0x2ad
j  com.scnu.lwg.jni.JniInterface.wbSm4Dec(Ljava/lang/String;[B)[B+0
j  com.scnu.lwg.util.CryptoUtils.testC()I+103
j  com.scnu.lwg.util.CryptoUtils.genTable()[B+31
j  com.scnu.lwg.util.CryptoUtils.sm3(Ljava/lang/String;)Ljava/lang/String;+6
j  com.scnu.lwg.controller.TestController.sm3(Ljava/lang/String;)Ljava/lang/String;+5
v  ~StubRoutines::call_stub
V  [libjvm.dylib+0x2ecf8a]
V  [libjvm.dylib+0x4d1bb4]
V  [libjvm.dylib+0x4d20e8]
V  [libjvm.dylib+0x345394]
J 1490  sun.reflect.NativeMethodAccessorImpl.invoke0(Ljava/lang/reflect/Method;Ljava/lang/Object;[Ljava/lang/Object;)Ljava/lang/Object; (0 bytes) @ 0x000000010b2ee76d [0x000000010b2ee680+0xed]
J 1489 C1 sun.reflect.NativeMethodAccessorImpl.invoke(Ljava/lang/Object;[Ljava/lang/Object;)Ljava/lang/Object; (104 bytes) @ 0x000000010b2ef20c [0x000000010b2eee20+0x3ec]
J 1317 C1 sun.reflect.DelegatingMethodAccessorImpl.invoke(Ljava/lang/Object;[Ljava/lang/Object;)Ljava/lang/Object; (10 bytes) @ 0x000000010b27aea4 [0x000000010b27ae40+0x64]
J 1316 C1 java.lang.reflect.Method.invoke(Ljava/lang/Object;[Ljava/lang/Object;)Ljava/lang/Object; (62 bytes) @ 0x000000010b27aa5c [0x000000010b27a920+0x13c]
j  org.springframework.web.method.support.InvocableHandlerMethod.doInvoke([Ljava/lang/Object;)Ljava/lang/Object;+16
j  org.springframework.web.method.support.InvocableHandlerMethod.invokeForRequest(Lorg/springframework/web/context/request/NativeWebRequest;Lorg/springframework/web/method/support/ModelAndViewContainer;[Ljava/lang/Object;)Ljava/lang/Object;+75
j  org.springframework.web.servlet.mvc.method.annotation.ServletInvocableHandlerMethod.invokeAndHandle(Lorg/springframework/web/context/request/ServletWebRequest;Lorg/springframework/web/method/support/ModelAndViewContainer;[Ljava/lang/Object;)V+4
j  org.springframework.web.servlet.mvc.method.annotation.RequestMappingHandlerAdapter.invokeHandlerMethod(Ljavax/servlet/http/HttpServletRequest;Ljavax/servlet/http/HttpServletResponse;Lorg/springframework/web/method/HandlerMethod;)Lorg/springframework/web/servlet/ModelAndView;+262
j  org.springframework.web.servlet.mvc.method.annotation.RequestMappingHandlerAdapter.handleInternal(Ljavax/servlet/http/HttpServletRequest;Ljavax/servlet/http/HttpServletResponse;Lorg/springframework/web/method/HandlerMethod;)Lorg/springframework/web/servlet/ModelAndView;+81
j  org.springframework.web.servlet.mvc.method.AbstractHandlerMethodAdapter.handle(Ljavax/servlet/http/HttpServletRequest;Ljavax/servlet/http/HttpServletResponse;Ljava/lang/Object;)Lorg/springframework/web/servlet/ModelAndView;+7
j  org.springframework.web.servlet.DispatcherServlet.doDispatch(Ljavax/servlet/http/HttpServletRequest;Ljavax/servlet/http/HttpServletResponse;)V+318
j  org.springframework.web.servlet.DispatcherServlet.doService(Ljavax/servlet/http/HttpServletRequest;Ljavax/servlet/http/HttpServletResponse;)V+301
j  org.springframework.web.servlet.FrameworkServlet.processRequest(Ljavax/servlet/http/HttpServletRequest;Ljavax/servlet/http/HttpServletResponse;)V+71
j  org.springframework.web.servlet.FrameworkServlet.doGet(Ljavax/servlet/http/HttpServletRequest;Ljavax/servlet/http/HttpServletResponse;)V+3
j  javax.servlet.http.HttpServlet.service(Ljavax/servlet/http/HttpServletRequest;Ljavax/servlet/http/HttpServletResponse;)V+35
j  org.springframework.web.servlet.FrameworkServlet.service(Ljavax/servlet/http/HttpServletRequest;Ljavax/servlet/http/HttpServletResponse;)V+33
j  javax.servlet.http.HttpServlet.service(Ljavax/servlet/ServletRequest;Ljavax/servlet/ServletResponse;)V+30
j  org.apache.catalina.core.ApplicationFilterChain.internalDoFilter(Ljavax/servlet/ServletRequest;Ljavax/servlet/ServletResponse;)V+304
j  org.apache.catalina.core.ApplicationFilterChain.doFilter(Ljavax/servlet/ServletRequest;Ljavax/servlet/ServletResponse;)V+101
j  org.apache.tomcat.websocket.server.WsFilter.doFilter(Ljavax/servlet/ServletRequest;Ljavax/servlet/ServletResponse;Ljavax/servlet/FilterChain;)V+21
j  org.apache.catalina.core.ApplicationFilterChain.internalDoFilter(Ljavax/servlet/ServletRequest;Ljavax/servlet/ServletResponse;)V+135
j  org.apache.catalina.core.ApplicationFilterChain.doFilter(Ljavax/servlet/ServletRequest;Ljavax/servlet/ServletResponse;)V+101
j  org.springframework.web.filter.RequestContextFilter.doFilterInternal(Ljavax/servlet/http/HttpServletRequest;Ljavax/servlet/http/HttpServletResponse;Ljavax/servlet/FilterChain;)V+21
j  org.springframework.web.filter.OncePerRequestFilter.doFilter(Ljavax/servlet/ServletRequest;Ljavax/servlet/ServletResponse;Ljavax/servlet/FilterChain;)V+111
j  org.apache.catalina.core.ApplicationFilterChain.internalDoFilter(Ljavax/servlet/ServletRequest;Ljavax/servlet/ServletResponse;)V+135
j  org.apache.catalina.core.ApplicationFilterChain.doFilter(Ljavax/servlet/ServletRequest;Ljavax/servlet/ServletResponse;)V+101
j  org.springframework.web.filter.HttpPutFormContentFilter.doFilterInternal(Ljavax/servlet/http/HttpServletRequest;Ljavax/servlet/http/HttpServletResponse;Ljavax/servlet/FilterChain;)V+87
j  org.springframework.web.filter.OncePerRequestFilter.doFilter(Ljavax/servlet/ServletRequest;Ljavax/servlet/ServletResponse;Ljavax/servlet/FilterChain;)V+111
j  org.apache.catalina.core.ApplicationFilterChain.internalDoFilter(Ljavax/servlet/ServletRequest;Ljavax/servlet/ServletResponse;)V+135
j  org.apache.catalina.core.ApplicationFilterChain.doFilter(Ljavax/servlet/ServletRequest;Ljavax/servlet/ServletResponse;)V+101
j  org.springframework.web.filter.HiddenHttpMethodFilter.doFilterInternal(Ljavax/servlet/http/HttpServletRequest;Ljavax/servlet/http/HttpServletResponse;Ljavax/servlet/FilterChain;)V+64
j  org.springframework.web.filter.OncePerRequestFilter.doFilter(Ljavax/servlet/ServletRequest;Ljavax/servlet/ServletResponse;Ljavax/servlet/FilterChain;)V+111
j  org.apache.catalina.core.ApplicationFilterChain.internalDoFilter(Ljavax/servlet/ServletRequest;Ljavax/servlet/ServletResponse;)V+135
j  org.apache.catalina.core.ApplicationFilterChain.doFilter(Ljavax/servlet/ServletRequest;Ljavax/servlet/ServletResponse;)V+101
j  org.springframework.web.filter.CharacterEncodingFilter.doFilterInternal(Ljavax/servlet/http/HttpServletRequest;Ljavax/servlet/http/HttpServletResponse;Ljavax/servlet/FilterChain;)V+53
j  org.springframework.web.filter.OncePerRequestFilter.doFilter(Ljavax/servlet/ServletRequest;Ljavax/servlet/ServletResponse;Ljavax/servlet/FilterChain;)V+111
j  org.apache.catalina.core.ApplicationFilterChain.internalDoFilter(Ljavax/servlet/ServletRequest;Ljavax/servlet/ServletResponse;)V+135
j  org.apache.catalina.core.ApplicationFilterChain.doFilter(Ljavax/servlet/ServletRequest;Ljavax/servlet/ServletResponse;)V+101
j  org.apache.catalina.core.StandardWrapperValve.invoke(Lorg/apache/catalina/connector/Request;Lorg/apache/catalina/connector/Response;)V+688
j  org.apache.catalina.core.StandardContextValve.invoke(Lorg/apache/catalina/connector/Request;Lorg/apache/catalina/connector/Response;)V+166
j  org.apache.catalina.authenticator.AuthenticatorBase.invoke(Lorg/apache/catalina/connector/Request;Lorg/apache/catalina/connector/Response;)V+275
j  org.apache.catalina.core.StandardHostValve.invoke(Lorg/apache/catalina/connector/Request;Lorg/apache/catalina/connector/Response;)V+138
j  org.apache.catalina.valves.ErrorReportValve.invoke(Lorg/apache/catalina/connector/Request;Lorg/apache/catalina/connector/Response;)V+6
j  org.apache.catalina.core.StandardEngineValve.invoke(Lorg/apache/catalina/connector/Request;Lorg/apache/catalina/connector/Response;)V+71
j  org.apache.catalina.connector.CoyoteAdapter.service(Lorg/apache/coyote/Request;Lorg/apache/coyote/Response;)V+199
j  org.apache.coyote.http11.Http11Processor.service(Lorg/apache/tomcat/util/net/SocketWrapperBase;)Lorg/apache/tomcat/util/net/AbstractEndpoint$Handler$SocketState;+806
j  org.apache.coyote.AbstractProcessorLight.process(Lorg/apache/tomcat/util/net/SocketWrapperBase;Lorg/apache/tomcat/util/net/SocketEvent;)Lorg/apache/tomcat/util/net/AbstractEndpoint$Handler$SocketState;+113
j  org.apache.coyote.AbstractProtocol$ConnectionHandler.process(Lorg/apache/tomcat/util/net/SocketWrapperBase;Lorg/apache/tomcat/util/net/SocketEvent;)Lorg/apache/tomcat/util/net/AbstractEndpoint$Handler$SocketState;+378
j  org.apache.tomcat.util.net.NioEndpoint$SocketProcessor.doRun()V+191
j  org.apache.tomcat.util.net.SocketProcessorBase.run()V+21
j  java.util.concurrent.ThreadPoolExecutor.runWorker(Ljava/util/concurrent/ThreadPoolExecutor$Worker;)V+95
j  java.util.concurrent.ThreadPoolExecutor$Worker.run()V+5
j  org.apache.tomcat.util.threads.TaskThread$WrappingRunnable.run()V+4
j  java.lang.Thread.run()V+11
v  ~StubRoutines::call_stub
V  [libjvm.dylib+0x2ecf8a]
V  [libjvm.dylib+0x2ed718]
V  [libjvm.dylib+0x2ed8c4]
V  [libjvm.dylib+0x348039]
V  [libjvm.dylib+0x56a27b]
V  [libjvm.dylib+0x56b968]
V  [libjvm.dylib+0x489b0a]
C  [libsystem_pthread.dylib+0x6954]  _pthread_start+0xe0
C  [libsystem_pthread.dylib+0x24a7]  thread_start+0xf
C  0x0000000000000000

Java frames: (J=compiled Java code, j=interpreted, Vv=VM code)
j  com.scnu.lwg.jni.JniInterface.wbSm4Dec(Ljava/lang/String;[B)[B+0
j  com.scnu.lwg.util.CryptoUtils.testC()I+103
j  com.scnu.lwg.util.CryptoUtils.genTable()[B+31
j  com.scnu.lwg.util.CryptoUtils.sm3(Ljava/lang/String;)Ljava/lang/String;+6
j  com.scnu.lwg.controller.TestController.sm3(Ljava/lang/String;)Ljava/lang/String;+5
v  ~StubRoutines::call_stub
J 1490  sun.reflect.NativeMethodAccessorImpl.invoke0(Ljava/lang/reflect/Method;Ljava/lang/Object;[Ljava/lang/Object;)Ljava/lang/Object; (0 bytes) @ 0x000000010b2ee6f7 [0x000000010b2ee680+0x77]
J 1489 C1 sun.reflect.NativeMethodAccessorImpl.invoke(Ljava/lang/Object;[Ljava/lang/Object;)Ljava/lang/Object; (104 bytes) @ 0x000000010b2ef20c [0x000000010b2eee20+0x3ec]
J 1317 C1 sun.reflect.DelegatingMethodAccessorImpl.invoke(Ljava/lang/Object;[Ljava/lang/Object;)Ljava/lang/Object; (10 bytes) @ 0x000000010b27aea4 [0x000000010b27ae40+0x64]
J 1316 C1 java.lang.reflect.Method.invoke(Ljava/lang/Object;[Ljava/lang/Object;)Ljava/lang/Object; (62 bytes) @ 0x000000010b27aa5c [0x000000010b27a920+0x13c]
j  org.springframework.web.method.support.InvocableHandlerMethod.doInvoke([Ljava/lang/Object;)Ljava/lang/Object;+16
j  org.springframework.web.method.support.InvocableHandlerMethod.invokeForRequest(Lorg/springframework/web/context/request/NativeWebRequest;Lorg/springframework/web/method/support/ModelAndViewContainer;[Ljava/lang/Object;)Ljava/lang/Object;+75
j  org.springframework.web.servlet.mvc.method.annotation.ServletInvocableHandlerMethod.invokeAndHandle(Lorg/springframework/web/context/request/ServletWebRequest;Lorg/springframework/web/method/support/ModelAndViewContainer;[Ljava/lang/Object;)V+4
j  org.springframework.web.servlet.mvc.method.annotation.RequestMappingHandlerAdapter.invokeHandlerMethod(Ljavax/servlet/http/HttpServletRequest;Ljavax/servlet/http/HttpServletResponse;Lorg/springframework/web/method/HandlerMethod;)Lorg/springframework/web/servlet/ModelAndView;+262
j  org.springframework.web.servlet.mvc.method.annotation.RequestMappingHandlerAdapter.handleInternal(Ljavax/servlet/http/HttpServletRequest;Ljavax/servlet/http/HttpServletResponse;Lorg/springframework/web/method/HandlerMethod;)Lorg/springframework/web/servlet/ModelAndView;+81
j  org.springframework.web.servlet.mvc.method.AbstractHandlerMethodAdapter.handle(Ljavax/servlet/http/HttpServletRequest;Ljavax/servlet/http/HttpServletResponse;Ljava/lang/Object;)Lorg/springframework/web/servlet/ModelAndView;+7
j  org.springframework.web.servlet.DispatcherServlet.doDispatch(Ljavax/servlet/http/HttpServletRequest;Ljavax/servlet/http/HttpServletResponse;)V+318
j  org.springframework.web.servlet.DispatcherServlet.doService(Ljavax/servlet/http/HttpServletRequest;Ljavax/servlet/http/HttpServletResponse;)V+301
j  org.springframework.web.servlet.FrameworkServlet.processRequest(Ljavax/servlet/http/HttpServletRequest;Ljavax/servlet/http/HttpServletResponse;)V+71
j  org.springframework.web.servlet.FrameworkServlet.doGet(Ljavax/servlet/http/HttpServletRequest;Ljavax/servlet/http/HttpServletResponse;)V+3
j  javax.servlet.http.HttpServlet.service(Ljavax/servlet/http/HttpServletRequest;Ljavax/servlet/http/HttpServletResponse;)V+35
j  org.springframework.web.servlet.FrameworkServlet.service(Ljavax/servlet/http/HttpServletRequest;Ljavax/servlet/http/HttpServletResponse;)V+33
j  javax.servlet.http.HttpServlet.service(Ljavax/servlet/ServletRequest;Ljavax/servlet/ServletResponse;)V+30
j  org.apache.catalina.core.ApplicationFilterChain.internalDoFilter(Ljavax/servlet/ServletRequest;Ljavax/servlet/ServletResponse;)V+304
j  org.apache.catalina.core.ApplicationFilterChain.doFilter(Ljavax/servlet/ServletRequest;Ljavax/servlet/ServletResponse;)V+101
j  org.apache.tomcat.websocket.server.WsFilter.doFilter(Ljavax/servlet/ServletRequest;Ljavax/servlet/ServletResponse;Ljavax/servlet/FilterChain;)V+21
j  org.apache.catalina.core.ApplicationFilterChain.internalDoFilter(Ljavax/servlet/ServletRequest;Ljavax/servlet/ServletResponse;)V+135
j  org.apache.catalina.core.ApplicationFilterChain.doFilter(Ljavax/servlet/ServletRequest;Ljavax/servlet/ServletResponse;)V+101
j  org.springframework.web.filter.RequestContextFilter.doFilterInternal(Ljavax/servlet/http/HttpServletRequest;Ljavax/servlet/http/HttpServletResponse;Ljavax/servlet/FilterChain;)V+21
j  org.springframework.web.filter.OncePerRequestFilter.doFilter(Ljavax/servlet/ServletRequest;Ljavax/servlet/ServletResponse;Ljavax/servlet/FilterChain;)V+111
j  org.apache.catalina.core.ApplicationFilterChain.internalDoFilter(Ljavax/servlet/ServletRequest;Ljavax/servlet/ServletResponse;)V+135
j  org.apache.catalina.core.ApplicationFilterChain.doFilter(Ljavax/servlet/ServletRequest;Ljavax/servlet/ServletResponse;)V+101
j  org.springframework.web.filter.HttpPutFormContentFilter.doFilterInternal(Ljavax/servlet/http/HttpServletRequest;Ljavax/servlet/http/HttpServletResponse;Ljavax/servlet/FilterChain;)V+87
j  org.springframework.web.filter.OncePerRequestFilter.doFilter(Ljavax/servlet/ServletRequest;Ljavax/servlet/ServletResponse;Ljavax/servlet/FilterChain;)V+111
j  org.apache.catalina.core.ApplicationFilterChain.internalDoFilter(Ljavax/servlet/ServletRequest;Ljavax/servlet/ServletResponse;)V+135
j  org.apache.catalina.core.ApplicationFilterChain.doFilter(Ljavax/servlet/ServletRequest;Ljavax/servlet/ServletResponse;)V+101
j  org.springframework.web.filter.HiddenHttpMethodFilter.doFilterInternal(Ljavax/servlet/http/HttpServletRequest;Ljavax/servlet/http/HttpServletResponse;Ljavax/servlet/FilterChain;)V+64
j  org.springframework.web.filter.OncePerRequestFilter.doFilter(Ljavax/servlet/ServletRequest;Ljavax/servlet/ServletResponse;Ljavax/servlet/FilterChain;)V+111
j  org.apache.catalina.core.ApplicationFilterChain.internalDoFilter(Ljavax/servlet/ServletRequest;Ljavax/servlet/ServletResponse;)V+135
j  org.apache.catalina.core.ApplicationFilterChain.doFilter(Ljavax/servlet/ServletRequest;Ljavax/servlet/ServletResponse;)V+101
j  org.springframework.web.filter.CharacterEncodingFilter.doFilterInternal(Ljavax/servlet/http/HttpServletRequest;Ljavax/servlet/http/HttpServletResponse;Ljavax/servlet/FilterChain;)V+53
j  org.springframework.web.filter.OncePerRequestFilter.doFilter(Ljavax/servlet/ServletRequest;Ljavax/servlet/ServletResponse;Ljavax/servlet/FilterChain;)V+111
j  org.apache.catalina.core.ApplicationFilterChain.internalDoFilter(Ljavax/servlet/ServletRequest;Ljavax/servlet/ServletResponse;)V+135
j  org.apache.catalina.core.ApplicationFilterChain.doFilter(Ljavax/servlet/ServletRequest;Ljavax/servlet/ServletResponse;)V+101
j  org.apache.catalina.core.StandardWrapperValve.invoke(Lorg/apache/catalina/connector/Request;Lorg/apache/catalina/connector/Response;)V+688
j  org.apache.catalina.core.StandardContextValve.invoke(Lorg/apache/catalina/connector/Request;Lorg/apache/catalina/connector/Response;)V+166
j  org.apache.catalina.authenticator.AuthenticatorBase.invoke(Lorg/apache/catalina/connector/Request;Lorg/apache/catalina/connector/Response;)V+275
j  org.apache.catalina.core.StandardHostValve.invoke(Lorg/apache/catalina/connector/Request;Lorg/apache/catalina/connector/Response;)V+138
j  org.apache.catalina.valves.ErrorReportValve.invoke(Lorg/apache/catalina/connector/Request;Lorg/apache/catalina/connector/Response;)V+6
j  org.apache.catalina.core.StandardEngineValve.invoke(Lorg/apache/catalina/connector/Request;Lorg/apache/catalina/connector/Response;)V+71
j  org.apache.catalina.connector.CoyoteAdapter.service(Lorg/apache/coyote/Request;Lorg/apache/coyote/Response;)V+199
j  org.apache.coyote.http11.Http11Processor.service(Lorg/apache/tomcat/util/net/SocketWrapperBase;)Lorg/apache/tomcat/util/net/AbstractEndpoint$Handler$SocketState;+806
j  org.apache.coyote.AbstractProcessorLight.process(Lorg/apache/tomcat/util/net/SocketWrapperBase;Lorg/apache/tomcat/util/net/SocketEvent;)Lorg/apache/tomcat/util/net/AbstractEndpoint$Handler$SocketState;+113
j  org.apache.coyote.AbstractProtocol$ConnectionHandler.process(Lorg/apache/tomcat/util/net/SocketWrapperBase;Lorg/apache/tomcat/util/net/SocketEvent;)Lorg/apache/tomcat/util/net/AbstractEndpoint$Handler$SocketState;+378
j  org.apache.tomcat.util.net.NioEndpoint$SocketProcessor.doRun()V+191
j  org.apache.tomcat.util.net.SocketProcessorBase.run()V+21
j  java.util.concurrent.ThreadPoolExecutor.runWorker(Ljava/util/concurrent/ThreadPoolExecutor$Worker;)V+95
j  java.util.concurrent.ThreadPoolExecutor$Worker.run()V+5
j  org.apache.tomcat.util.threads.TaskThread$WrappingRunnable.run()V+4
j  java.lang.Thread.run()V+11
v  ~StubRoutines::call_stub

---------------  P R O C E S S  ---------------

Java Threads: ( => current thread )
  0x00007fc46caaf000 JavaThread "RMI TCP Connection(idle)" daemon [_thread_blocked, id=30215, stack(0x0000700004ce8000,0x0000700004de8000)]
  0x00007fc46da6b800 JavaThread "DestroyJavaVM" [_thread_blocked, id=3587, stack(0x00007000016c3000,0x00007000017c3000)]
  0x00007fc46eb3d800 JavaThread "http-nio-9900-AsyncTimeout" daemon [_thread_blocked, id=35587, stack(0x0000700004be5000,0x0000700004ce5000)]
  0x00007fc46d52b800 JavaThread "http-nio-9900-Acceptor-0" daemon [_thread_in_native, id=35843, stack(0x0000700004ae2000,0x0000700004be2000)]
  0x00007fc46eb41000 JavaThread "http-nio-9900-ClientPoller-1" daemon [_thread_in_native, id=29187, stack(0x00007000049df000,0x0000700004adf000)]
  0x00007fc46d52b000 JavaThread "http-nio-9900-ClientPoller-0" daemon [_thread_in_native, id=28675, stack(0x00007000048dc000,0x00007000049dc000)]
  0x00007fc46d51e800 JavaThread "http-nio-9900-exec-10" daemon [_thread_blocked, id=28163, stack(0x00007000047d9000,0x00007000048d9000)]
  0x00007fc46da72000 JavaThread "http-nio-9900-exec-9" daemon [_thread_blocked, id=27907, stack(0x00007000046d6000,0x00007000047d6000)]
  0x00007fc46d51e000 JavaThread "http-nio-9900-exec-8" daemon [_thread_blocked, id=27395, stack(0x00007000045d3000,0x00007000046d3000)]
  0x00007fc46da71000 JavaThread "http-nio-9900-exec-7" daemon [_thread_blocked, id=36355, stack(0x00007000044d0000,0x00007000045d0000)]
  0x00007fc46da70800 JavaThread "http-nio-9900-exec-6" daemon [_thread_blocked, id=36611, stack(0x00007000043cd000,0x00007000044cd000)]
  0x00007fc46da6f800 JavaThread "http-nio-9900-exec-5" daemon [_thread_blocked, id=26371, stack(0x00007000042ca000,0x00007000043ca000)]
  0x00007fc46eb3c800 JavaThread "http-nio-9900-exec-4" daemon [_thread_blocked, id=26115, stack(0x00007000041c7000,0x00007000042c7000)]
  0x00007fc46da6f000 JavaThread "http-nio-9900-exec-3" daemon [_thread_blocked, id=37123, stack(0x00007000040c4000,0x00007000041c4000)]
  0x00007fc46da6a800 JavaThread "http-nio-9900-exec-2" daemon [_thread_blocked, id=25347, stack(0x0000700003fc1000,0x00007000040c1000)]
=>0x00007fc46cbae800 JavaThread "http-nio-9900-exec-1" daemon [_thread_in_native, id=37635, stack(0x0000700003ebe000,0x0000700003fbe000)]
  0x00007fc46d528000 JavaThread "NioBlockingSelector.BlockPoller-1" daemon [_thread_in_native, id=38155, stack(0x0000700003dbb000,0x0000700003ebb000)]
  0x00007fc46eb3b800 JavaThread "RMI TCP Connection(idle)" daemon [_thread_blocked, id=38403, stack(0x0000700003cb8000,0x0000700003db8000)]
  0x00007fc46eb32000 JavaThread "RMI TCP Connection(6)-127.0.0.1" daemon [_thread_in_native, id=38923, stack(0x0000700003bb5000,0x0000700003cb5000)]
  0x00007fc46d2fd800 JavaThread "MQTT Ping: MQTT_SUB_CLIENT" [_thread_blocked, id=24075, stack(0x00007000037a9000,0x00007000038a9000)]
  0x00007fc46ca9f000 JavaThread "MQTT Call: MQTT_SUB_CLIENT" [_thread_blocked, id=39427, stack(0x0000700003ab2000,0x0000700003bb2000)]
  0x00007fc46da0e800 JavaThread "MQTT Snd: MQTT_SUB_CLIENT" [_thread_blocked, id=24835, stack(0x00007000039af000,0x0000700003aaf000)]
  0x00007fc46da0b800 JavaThread "MQTT Rec: MQTT_SUB_CLIENT" [_thread_in_native, id=24579, stack(0x00007000038ac000,0x00007000039ac000)]
  0x00007fc46d38d000 JavaThread "MQTT Ping: MQTT_PUB_CLIENT" [_thread_blocked, id=40983, stack(0x000070000339d000,0x000070000349d000)]
  0x00007fc46d410000 JavaThread "MQTT Call: MQTT_PUB_CLIENT" [_thread_blocked, id=23555, stack(0x00007000036a6000,0x00007000037a6000)]
  0x00007fc46da5a000 JavaThread "MQTT Snd: MQTT_PUB_CLIENT" [_thread_blocked, id=23043, stack(0x00007000035a3000,0x00007000036a3000)]
  0x00007fc46d3d2000 JavaThread "MQTT Rec: MQTT_PUB_CLIENT" [_thread_in_native, id=40451, stack(0x00007000034a0000,0x00007000035a0000)]
  0x00007fc46ca87800 JavaThread "Druid-ConnectionPool-Destroy-1699511597" daemon [_thread_blocked, id=41475, stack(0x000070000329a000,0x000070000339a000)]
  0x00007fc46ebf9000 JavaThread "Druid-ConnectionPool-Create-1699511597" daemon [_thread_blocked, id=41987, stack(0x0000700003197000,0x0000700003297000)]
  0x00007fc46d9c4000 JavaThread "Abandoned connection cleanup thread" daemon [_thread_blocked, id=42503, stack(0x0000700003094000,0x0000700003194000)]
  0x00007fc46ca87000 JavaThread "container-0" [_thread_blocked, id=22031, stack(0x0000700002f91000,0x0000700003091000)]
  0x00007fc46caaf800 JavaThread "ContainerBackgroundProcessor[StandardEngine[Tomcat]]" daemon [_thread_blocked, id=22563, stack(0x0000700002e8e000,0x0000700002f8e000)]
  0x00007fc46d2ab000 JavaThread "RMI Scheduler(0)" daemon [_thread_blocked, id=43011, stack(0x0000700002c88000,0x0000700002d88000)]
  0x00007fc46d239000 JavaThread "RMI TCP Connection(idle)" daemon [_thread_blocked, id=21763, stack(0x0000700002b85000,0x0000700002c85000)]
  0x00007fc46c9ca800 JavaThread "Attach Listener" daemon [_thread_blocked, id=16899, stack(0x0000700002a82000,0x0000700002b82000)]
  0x00007fc46c937800 JavaThread "RMI TCP Accept-0" daemon [_thread_in_native, id=15875, stack(0x000070000287c000,0x000070000297c000)]
  0x00007fc46c919000 JavaThread "Service Thread" daemon [_thread_blocked, id=15363, stack(0x0000700002779000,0x0000700002879000)]
  0x00007fc46d8a0800 JavaThread "C1 CompilerThread2" daemon [_thread_blocked, id=17411, stack(0x0000700002676000,0x0000700002776000)]
  0x00007fc46d89b800 JavaThread "C2 CompilerThread1" daemon [_thread_blocked, id=14595, stack(0x0000700002573000,0x0000700002673000)]
  0x00007fc46d108800 JavaThread "C2 CompilerThread0" daemon [_thread_blocked, id=14339, stack(0x0000700002470000,0x0000700002570000)]
  0x00007fc46d018000 JavaThread "JDWP Command Reader" daemon [_thread_in_native, id=13827, stack(0x000070000236d000,0x000070000246d000)]
  0x00007fc46c82c000 JavaThread "JDWP Event Helper Thread" daemon [_thread_blocked, id=13315, stack(0x000070000226a000,0x000070000236a000)]
  0x00007fc46d01c000 JavaThread "JDWP Transport Listener: dt_socket" daemon [_thread_blocked, id=18183, stack(0x0000700002167000,0x0000700002267000)]
  0x00007fc46c81c000 JavaThread "Signal Dispatcher" daemon [_thread_blocked, id=13059, stack(0x0000700002064000,0x0000700002164000)]
  0x00007fc46c81b800 JavaThread "Finalizer" daemon [_thread_blocked, id=20739, stack(0x0000700001dd8000,0x0000700001ed8000)]
  0x00007fc46e82c000 JavaThread "Reference Handler" daemon [_thread_blocked, id=20995, stack(0x0000700001cd5000,0x0000700001dd5000)]

Other Threads:
  0x00007fc46d817800 VMThread [stack: 0x0000700001bd2000,0x0000700001cd2000] [id=21507]
  0x00007fc46c938800 WatcherThread [stack: 0x000070000297f000,0x0000700002a7f000] [id=16387]

VM state:not at safepoint (normal execution)

VM Mutex/Monitor currently owned by a thread: None

Heap:
 PSYoungGen      total 298496K, used 128268K [0x0000000795580000, 0x00000007a8b00000, 0x00000007c0000000)
  eden space 285184K, 40% used [0x0000000795580000,0x000000079c5c91c8,0x00000007a6c00000)
  from space 13312K, 99% used [0x00000007a7e00000,0x00000007a8afa168,0x00000007a8b00000)
  to   space 14848K, 0% used [0x00000007a6e00000,0x00000007a6e00000,0x00000007a7c80000)
 ParOldGen       total 88576K, used 21365K [0x0000000740000000, 0x0000000745680000, 0x0000000795580000)
  object space 88576K, 24% used [0x0000000740000000,0x00000007414dd7f0,0x0000000745680000)
 Metaspace       used 45296K, capacity 45892K, committed 46336K, reserved 1089536K
  class space    used 5881K, capacity 6071K, committed 6144K, reserved 1048576K

Card table byte_map: [0x0000000105b61000,0x0000000105f62000] byte_map_base: 0x0000000102161000

Marking Bits: (ParMarkBitMap*) 0x00000001050efd20
 Begin Bits: [0x0000000105f62000, 0x0000000107f62000)
 End Bits:   [0x0000000107f62000, 0x0000000109f62000)

Polling page: 0x00000001023b8000

CodeCache: size=245760Kb used=9314Kb max_used=9314Kb free=236445Kb
 bounds [0x000000010af72000, 0x000000010b892000, 0x0000000119f72000]
 total_blobs=4797 nmethods=4278 adapters=439
 compilation: enabled

Compilation events (10 events):
Event: 25.873 Thread 0x00007fc46d8a0800 4330       1       org.apache.tomcat.util.http.MimeHeaderField::getName (5 bytes)
Event: 25.873 Thread 0x00007fc46d8a0800 nmethod 4330 0x000000010b886910 code [0x000000010b886a60, 0x000000010b886b70]
Event: 25.877 Thread 0x00007fc46d8a0800 4331       1       java.lang.ThreadLocal::setInitialValue (36 bytes)
Event: 25.878 Thread 0x00007fc46d8a0800 nmethod 4331 0x000000010b886bd0 code [0x000000010b886d60, 0x000000010b886f58]
Event: 25.878 Thread 0x00007fc46d8a0800 4332       1       sun.reflect.ClassFileAssembler::opc_dup (11 bytes)
Event: 25.878 Thread 0x00007fc46d8a0800 nmethod 4332 0x000000010b8870d0 code [0x000000010b887240, 0x000000010b8873e8]
Event: 25.889 Thread 0x00007fc46d8a0800 4333  s!   1       sun.misc.URLClassPath::getLoader (197 bytes)
Event: 25.891 Thread 0x00007fc46d8a0800 nmethod 4333 0x000000010b887510 code [0x000000010b8877e0, 0x000000010b888ca8]
Event: 25.909 Thread 0x00007fc46d8a0800 4334  s!   1       java.io.FileDescriptor::closeAll (215 bytes)
Event: 25.911 Thread 0x00007fc46d8a0800 nmethod 4334 0x000000010b889d50 code [0x000000010b889fa0, 0x000000010b88a8b8]

GC Heap History (10 events):
Event: 6.434 GC heap before
{Heap before GC invocations=8 (full 1):
 PSYoungGen      total 142848K, used 133120K [0x0000000795580000, 0x000000079eb80000, 0x00000007c0000000)
  eden space 133120K, 100% used [0x0000000795580000,0x000000079d780000,0x000000079d780000)
  from space 9728K, 0% used [0x000000079e200000,0x000000079e200000,0x000000079eb80000)
  to   space 10240K, 0% used [0x000000079d780000,0x000000079d780000,0x000000079e180000)
 ParOldGen       total 61952K, used 11214K [0x0000000740000000, 0x0000000743c80000, 0x0000000795580000)
  object space 61952K, 18% used [0x0000000740000000,0x0000000740af38c8,0x0000000743c80000)
 Metaspace       used 26362K, capacity 26872K, committed 27136K, reserved 1073152K
  class space    used 3389K, capacity 3499K, committed 3584K, reserved 1048576K
Event: 6.453 GC heap after
Heap after GC invocations=8 (full 1):
 PSYoungGen      total 143360K, used 8570K [0x0000000795580000, 0x00000007a3a00000, 0x00000007c0000000)
  eden space 133120K, 0% used [0x0000000795580000,0x0000000795580000,0x000000079d780000)
  from space 10240K, 83% used [0x000000079d780000,0x000000079dfdeac8,0x000000079e180000)
  to   space 10752K, 0% used [0x00000007a2f80000,0x00000007a2f80000,0x00000007a3a00000)
 ParOldGen       total 61952K, used 11222K [0x0000000740000000, 0x0000000743c80000, 0x0000000795580000)
  object space 61952K, 18% used [0x0000000740000000,0x0000000740af58c8,0x0000000743c80000)
 Metaspace       used 26362K, capacity 26872K, committed 27136K, reserved 1073152K
  class space    used 3389K, capacity 3499K, committed 3584K, reserved 1048576K
}
Event: 8.246 GC heap before
{Heap before GC invocations=9 (full 1):
 PSYoungGen      total 143360K, used 141690K [0x0000000795580000, 0x00000007a3a00000, 0x00000007c0000000)
  eden space 133120K, 100% used [0x0000000795580000,0x000000079d780000,0x000000079d780000)
  from space 10240K, 83% used [0x000000079d780000,0x000000079dfdeac8,0x000000079e180000)
  to   space 10752K, 0% used [0x00000007a2f80000,0x00000007a2f80000,0x00000007a3a00000)
 ParOldGen       total 61952K, used 11222K [0x0000000740000000, 0x0000000743c80000, 0x0000000795580000)
  object space 61952K, 18% used [0x0000000740000000,0x0000000740af58c8,0x0000000743c80000)
 Metaspace       used 32523K, capacity 33020K, committed 33280K, reserved 1079296K
  class space    used 4100K, capacity 4241K, committed 4352K, reserved 1048576K
Event: 8.280 GC heap after
Heap after GC invocations=9 (full 1):
 PSYoungGen      total 221184K, used 10739K [0x0000000795580000, 0x00000007a3c80000, 0x00000007c0000000)
  eden space 210432K, 0% used [0x0000000795580000,0x0000000795580000,0x00000007a2300000)
  from space 10752K, 99% used [0x00000007a2f80000,0x00000007a39fcd70,0x00000007a3a00000)
  to   space 12800K, 0% used [0x00000007a2300000,0x00000007a2300000,0x00000007a2f80000)
 ParOldGen       total 61952K, used 12933K [0x0000000740000000, 0x0000000743c80000, 0x0000000795580000)
  object space 61952K, 20% used [0x0000000740000000,0x0000000740ca1440,0x0000000743c80000)
 Metaspace       used 32523K, capacity 33020K, committed 33280K, reserved 1079296K
  class space    used 4100K, capacity 4241K, committed 4352K, reserved 1048576K
}
Event: 8.610 GC heap before
{Heap before GC invocations=10 (full 1):
 PSYoungGen      total 221184K, used 42875K [0x0000000795580000, 0x00000007a3c80000, 0x00000007c0000000)
  eden space 210432K, 15% used [0x0000000795580000,0x00000007974e1ee8,0x00000007a2300000)
  from space 10752K, 99% used [0x00000007a2f80000,0x00000007a39fcd70,0x00000007a3a00000)
  to   space 12800K, 0% used [0x00000007a2300000,0x00000007a2300000,0x00000007a2f80000)
 ParOldGen       total 61952K, used 12933K [0x0000000740000000, 0x0000000743c80000, 0x0000000795580000)
  object space 61952K, 20% used [0x0000000740000000,0x0000000740ca1440,0x0000000743c80000)
 Metaspace       used 34653K, capacity 35164K, committed 35416K, reserved 1081344K
  class space    used 4398K, capacity 4529K, committed 4608K, reserved 1048576K
Event: 8.624 GC heap after
Heap after GC invocations=10 (full 1):
 PSYoungGen      total 223232K, used 10685K [0x0000000795580000, 0x00000007a8b00000, 0x00000007c0000000)
  eden space 210432K, 0% used [0x0000000795580000,0x0000000795580000,0x00000007a2300000)
  from space 12800K, 83% used [0x00000007a2300000,0x00000007a2d6f7e0,0x00000007a2f80000)
  to   space 13312K, 0% used [0x00000007a7e00000,0x00000007a7e00000,0x00000007a8b00000)
 ParOldGen       total 61952K, used 12949K [0x0000000740000000, 0x0000000743c80000, 0x0000000795580000)
  object space 61952K, 20% used [0x0000000740000000,0x0000000740ca5450,0x0000000743c80000)
 Metaspace       used 34653K, capacity 35164K, committed 35416K, reserved 1081344K
  class space    used 4398K, capacity 4529K, committed 4608K, reserved 1048576K
}
Event: 8.624 GC heap before
{Heap before GC invocations=11 (full 2):
 PSYoungGen      total 223232K, used 10685K [0x0000000795580000, 0x00000007a8b00000, 0x00000007c0000000)
  eden space 210432K, 0% used [0x0000000795580000,0x0000000795580000,0x00000007a2300000)
  from space 12800K, 83% used [0x00000007a2300000,0x00000007a2d6f7e0,0x00000007a2f80000)
  to   space 13312K, 0% used [0x00000007a7e00000,0x00000007a7e00000,0x00000007a8b00000)
 ParOldGen       total 61952K, used 12949K [0x0000000740000000, 0x0000000743c80000, 0x0000000795580000)
  object space 61952K, 20% used [0x0000000740000000,0x0000000740ca5450,0x0000000743c80000)
 Metaspace       used 34653K, capacity 35164K, committed 35416K, reserved 1081344K
  class space    used 4398K, capacity 4529K, committed 4608K, reserved 1048576K
Event: 8.696 GC heap after
Heap after GC invocations=11 (full 2):
 PSYoungGen      total 223232K, used 0K [0x0000000795580000, 0x00000007a8b00000, 0x00000007c0000000)
  eden space 210432K, 0% used [0x0000000795580000,0x0000000795580000,0x00000007a2300000)
  from space 12800K, 0% used [0x00000007a2300000,0x00000007a2300000,0x00000007a2f80000)
  to   space 13312K, 0% used [0x00000007a7e00000,0x00000007a7e00000,0x00000007a8b00000)
 ParOldGen       total 88576K, used 20704K [0x0000000740000000, 0x0000000745680000, 0x0000000795580000)
  object space 88576K, 23% used [0x0000000740000000,0x00000007414382e8,0x0000000745680000)
 Metaspace       used 34653K, capacity 35164K, committed 35416K, reserved 1081344K
  class space    used 4398K, capacity 4529K, committed 4608K, reserved 1048576K
}
Event: 11.485 GC heap before
{Heap before GC invocations=12 (full 2):
 PSYoungGen      total 223232K, used 210432K [0x0000000795580000, 0x00000007a8b00000, 0x00000007c0000000)
  eden space 210432K, 100% used [0x0000000795580000,0x00000007a2300000,0x00000007a2300000)
  from space 12800K, 0% used [0x00000007a2300000,0x00000007a2300000,0x00000007a2f80000)
  to   space 13312K, 0% used [0x00000007a7e00000,0x00000007a7e00000,0x00000007a8b00000)
 ParOldGen       total 88576K, used 20704K [0x0000000740000000, 0x0000000745680000, 0x0000000795580000)
  object space 88576K, 23% used [0x0000000740000000,0x00000007414382e8,0x0000000745680000)
 Metaspace       used 43202K, capacity 43806K, committed 44288K, reserved 1087488K
  class space    used 5595K, capacity 5769K, committed 5888K, reserved 1048576K
Event: 11.513 GC heap after
Heap after GC invocations=12 (full 2):
 PSYoungGen      total 298496K, used 13288K [0x0000000795580000, 0x00000007a8b00000, 0x00000007c0000000)
  eden space 285184K, 0% used [0x0000000795580000,0x0000000795580000,0x00000007a6c00000)
  from space 13312K, 99% used [0x00000007a7e00000,0x00000007a8afa168,0x00000007a8b00000)
  to   space 14848K, 0% used [0x00000007a6e00000,0x00000007a6e00000,0x00000007a7c80000)
 ParOldGen       total 88576K, used 21365K [0x0000000740000000, 0x0000000745680000, 0x0000000795580000)
  object space 88576K, 24% used [0x0000000740000000,0x00000007414dd7f0,0x0000000745680000)
 Metaspace       used 43202K, capacity 43806K, committed 44288K, reserved 1087488K
  class space    used 5595K, capacity 5769K, committed 5888K, reserved 1048576K
}

Deoptimization events (0 events):
No events

Internal exceptions (10 events):
Event: 25.846 Thread 0x00007fc46cbae800 Exception <a 'java/lang/ClassNotFoundException': org/springframework/web/servlet/support/AbstractFlashMapManagerBeanInfo> (0x000000079bf6b028) thrown at [/Users/java_re/workspace/8-2-build-macosx-x86_64/jdk8u111/7883/hotspot/src/share/vm/classfile/systemD
Event: 25.850 Thread 0x00007fc46cbae800 Exception <a 'java/lang/ClassNotFoundException': org/springframework/web/servlet/support/AbstractFlashMapManagerCustomizer> (0x000000079bf866e0) thrown at [/Users/java_re/workspace/8-2-build-macosx-x86_64/jdk8u111/7883/hotspot/src/share/vm/classfile/syste
Event: 25.852 Thread 0x00007fc46cbae800 Exception <a 'java/lang/ClassNotFoundException': org/springframework/web/servlet/support/SessionFlashMapManagerCustomizer> (0x000000079bfa9a88) thrown at [/Users/java_re/workspace/8-2-build-macosx-x86_64/jdk8u111/7883/hotspot/src/share/vm/classfile/system
Event: 25.853 Thread 0x00007fc46cbae800 Exception <a 'java/lang/ClassNotFoundException': org/springframework/web/servlet/FlashMapManagerCustomizer> (0x000000079bfc4320) thrown at [/Users/java_re/workspace/8-2-build-macosx-x86_64/jdk8u111/7883/hotspot/src/share/vm/classfile/systemDictionary.cpp,
Event: 37.040 Thread 0x00007fc46da0b800 Exception <a 'java/net/SocketTimeoutException': Read timed out> (0x000000079a969db0) thrown at [/Users/java_re/workspace/8-2-build-macosx-x86_64/jdk8u111/7883/hotspot/src/share/vm/prims/jni.cpp, line 735]
Event: 37.040 Thread 0x00007fc46d3d2000 Exception <a 'java/net/SocketTimeoutException': Read timed out> (0x000000079744dc10) thrown at [/Users/java_re/workspace/8-2-build-macosx-x86_64/jdk8u111/7883/hotspot/src/share/vm/prims/jni.cpp, line 735]
Event: 40.405 Thread 0x00007fc46da0b800 Exception <a 'java/net/SocketTimeoutException': Read timed out> (0x000000079a96a020) thrown at [/Users/java_re/workspace/8-2-build-macosx-x86_64/jdk8u111/7883/hotspot/src/share/vm/prims/jni.cpp, line 735]
Event: 40.405 Thread 0x00007fc46d3d2000 Exception <a 'java/net/SocketTimeoutException': Read timed out> (0x000000079744de80) thrown at [/Users/java_re/workspace/8-2-build-macosx-x86_64/jdk8u111/7883/hotspot/src/share/vm/prims/jni.cpp, line 735]
Event: 54.516 Thread 0x00007fc46d3d2000 Exception <a 'java/net/SocketTimeoutException': Read timed out> (0x000000079744e0f0) thrown at [/Users/java_re/workspace/8-2-build-macosx-x86_64/jdk8u111/7883/hotspot/src/share/vm/prims/jni.cpp, line 735]
Event: 54.516 Thread 0x00007fc46da0b800 Exception <a 'java/net/SocketTimeoutException': Read timed out> (0x000000079a96a290) thrown at [/Users/java_re/workspace/8-2-build-macosx-x86_64/jdk8u111/7883/hotspot/src/share/vm/prims/jni.cpp, line 735]

Events (10 events):
Event: 54.516 Executing VM operation: ChangeSingleStep
Event: 54.516 Executing VM operation: ChangeSingleStep done
Event: 54.516 Thread 0x00007fc46da0b800 DEOPT PACKING pc=0x000000010b81df4c sp=0x00007000039ab620
Event: 54.516 Thread 0x00007fc46da0b800 DEOPT UNPACKING pc=0x000000010afb9633 sp=0x00007000039ab388 mode 1
Event: 54.516 Thread 0x00007fc46da0b800 DEOPT PACKING pc=0x000000010b8219ec sp=0x00007000039ab750
Event: 54.516 Thread 0x00007fc46da0b800 DEOPT UNPACKING pc=0x000000010afb9633 sp=0x00007000039ab4d0 mode 1
Event: 54.517 Executing VM operation: GetCurrentLocation
Event: 54.517 Executing VM operation: GetCurrentLocation done
Event: 54.517 Executing VM operation: ChangeSingleStep
Event: 54.517 Executing VM operation: ChangeSingleStep done


Dynamic libraries:
0x0000000000166000 	/System/Library/Frameworks/Cocoa.framework/Versions/A/Cocoa
0x0000000000166000 	/System/Library/Frameworks/Security.framework/Versions/A/Security
0x0000000000166000 	/System/Library/Frameworks/ApplicationServices.framework/Versions/A/ApplicationServices
0x0000000000166000 	/usr/lib/libz.1.dylib
0x0000000000166000 	/usr/lib/libSystem.B.dylib
0x0000000000166000 	/usr/lib/libobjc.A.dylib
0x0000000000166000 	/System/Library/Frameworks/CoreFoundation.framework/Versions/A/CoreFoundation
0x0000000000166000 	/System/Library/Frameworks/Foundation.framework/Versions/C/Foundation
0x0000000000166000 	/System/Library/Frameworks/AppKit.framework/Versions/C/AppKit
0x0000000000166000 	/System/Library/Frameworks/CoreData.framework/Versions/A/CoreData
0x0000000000166000 	/System/Library/PrivateFrameworks/UIFoundation.framework/Versions/A/UIFoundation
0x0000000000166000 	/System/Library/PrivateFrameworks/RemoteViewServices.framework/Versions/A/RemoteViewServices
0x0000000000166000 	/System/Library/PrivateFrameworks/XCTTargetBootstrap.framework/Versions/A/XCTTargetBootstrap
0x0000000000166000 	/usr/lib/libspindump.dylib
0x0000000000166000 	/System/Library/Frameworks/UniformTypeIdentifiers.framework/Versions/A/UniformTypeIdentifiers
0x0000000000166000 	/usr/lib/libapp_launch_measurement.dylib
0x0000000000166000 	/System/Library/PrivateFrameworks/CoreAutoLayout.framework/Versions/A/CoreAutoLayout
0x0000000000166000 	/System/Library/Frameworks/Metal.framework/Versions/A/Metal
0x0000000000166000 	/usr/lib/liblangid.dylib
0x0000000000166000 	/System/Library/PrivateFrameworks/CoreSVG.framework/Versions/A/CoreSVG
0x0000000000166000 	/System/Library/PrivateFrameworks/SkyLight.framework/Versions/A/SkyLight
0x0000000000166000 	/System/Library/Frameworks/CoreGraphics.framework/Versions/A/CoreGraphics
0x0000000000166000 	/System/Library/Frameworks/Accelerate.framework/Versions/A/Accelerate
0x0000000000166000 	/System/Library/PrivateFrameworks/IconServices.framework/Versions/A/IconServices
0x0000000000166000 	/System/Library/Frameworks/IOSurface.framework/Versions/A/IOSurface
0x0000000000166000 	/usr/lib/libDiagnosticMessagesClient.dylib
0x0000000000166000 	/System/Library/PrivateFrameworks/DFRFoundation.framework/Versions/A/DFRFoundation
0x0000000000166000 	/usr/lib/libicucore.A.dylib
0x0000000000166000 	/System/Library/Frameworks/AudioToolbox.framework/Versions/A/AudioToolbox
0x0000000000166000 	/System/Library/PrivateFrameworks/DataDetectorsCore.framework/Versions/A/DataDetectorsCore
0x0000000000166000 	/usr/lib/libMobileGestalt.dylib
0x0000000000166000 	/System/Library/Frameworks/Carbon.framework/Versions/A/Frameworks/HIToolbox.framework/Versions/A/HIToolbox
0x0000000000166000 	/System/Library/Frameworks/QuartzCore.framework/Versions/A/QuartzCore
0x0000000000166000 	/System/Library/Frameworks/Carbon.framework/Versions/A/Frameworks/SpeechRecognition.framework/Versions/A/SpeechRecognition
0x0000000000166000 	/System/Library/PrivateFrameworks/CoreUI.framework/Versions/A/CoreUI
0x0000000000166000 	/System/Library/Frameworks/CoreAudio.framework/Versions/A/CoreAudio
0x0000000000166000 	/System/Library/Frameworks/DiskArbitration.framework/Versions/A/DiskArbitration
0x0000000000166000 	/System/Library/PrivateFrameworks/MultitouchSupport.framework/Versions/A/MultitouchSupport
0x0000000000166000 	/System/Library/PrivateFrameworks/InternationalSupport.framework/Versions/A/InternationalSupport
0x0000000000166000 	/usr/lib/libenergytrace.dylib
0x0000000000166000 	/System/Library/Frameworks/IOKit.framework/Versions/A/IOKit
0x0000000000166000 	/System/Library/Frameworks/CoreServices.framework/Versions/A/CoreServices
0x0000000000166000 	/System/Library/PrivateFrameworks/PerformanceAnalysis.framework/Versions/A/PerformanceAnalysis
0x0000000000166000 	/System/Library/Frameworks/OpenGL.framework/Versions/A/OpenGL
0x0000000000166000 	/System/Library/PrivateFrameworks/UserActivity.framework/Versions/A/UserActivity
0x0000000000166000 	/System/Library/Frameworks/ColorSync.framework/Versions/A/ColorSync
0x0000000000166000 	/System/Library/Frameworks/CoreImage.framework/Versions/A/CoreImage
0x0000000000166000 	/System/Library/Frameworks/CoreText.framework/Versions/A/CoreText
0x0000000000166000 	/System/Library/Frameworks/ImageIO.framework/Versions/A/ImageIO
0x0000000000166000 	/System/Library/PrivateFrameworks/SoftLinking.framework/Versions/A/SoftLinking
0x0000000000166000 	/usr/lib/libxml2.2.dylib
0x0000000000166000 	/usr/lib/libc++.1.dylib
0x0000000000166000 	/usr/lib/libcompression.dylib
0x0000000000166000 	/System/Library/PrivateFrameworks/TextureIO.framework/Versions/A/TextureIO
0x0000000000166000 	/usr/lib/libate.dylib
0x0000000000166000 	/usr/lib/system/libcache.dylib
0x0000000000166000 	/usr/lib/system/libcommonCrypto.dylib
0x0000000000166000 	/usr/lib/system/libcompiler_rt.dylib
0x0000000000166000 	/usr/lib/system/libcopyfile.dylib
0x0000000000166000 	/usr/lib/system/libcorecrypto.dylib
0x0000000000166000 	/usr/lib/system/libdispatch.dylib
0x0000000000166000 	/usr/lib/system/libdyld.dylib
0x0000000000166000 	/usr/lib/system/libkeymgr.dylib
0x0000000000166000 	/usr/lib/system/liblaunch.dylib
0x0000000000166000 	/usr/lib/system/libmacho.dylib
0x0000000000166000 	/usr/lib/system/libquarantine.dylib
0x0000000000166000 	/usr/lib/system/libremovefile.dylib
0x0000000000166000 	/usr/lib/system/libsystem_asl.dylib
0x0000000000166000 	/usr/lib/system/libsystem_blocks.dylib
0x0000000000166000 	/usr/lib/system/libsystem_c.dylib
0x0000000000166000 	/usr/lib/system/libsystem_collections.dylib
0x0000000000166000 	/usr/lib/system/libsystem_configuration.dylib
0x0000000000166000 	/usr/lib/system/libsystem_containermanager.dylib
0x0000000000166000 	/usr/lib/system/libsystem_coreservices.dylib
0x0000000000166000 	/usr/lib/system/libsystem_darwin.dylib
0x0000000000166000 	/usr/lib/system/libsystem_dnssd.dylib
0x0000000000166000 	/usr/lib/system/libsystem_featureflags.dylib
0x0000000000166000 	/usr/lib/system/libsystem_info.dylib
0x0000000000166000 	/usr/lib/system/libsystem_m.dylib
0x0000000000166000 	/usr/lib/system/libsystem_malloc.dylib
0x0000000000166000 	/usr/lib/system/libsystem_networkextension.dylib
0x0000000000166000 	/usr/lib/system/libsystem_notify.dylib
0x0000000000166000 	/usr/lib/system/libsystem_product_info_filter.dylib
0x0000000000166000 	/usr/lib/system/libsystem_sandbox.dylib
0x0000000000166000 	/usr/lib/system/libsystem_secinit.dylib
0x0000000000166000 	/usr/lib/system/libsystem_kernel.dylib
0x0000000000166000 	/usr/lib/system/libsystem_platform.dylib
0x0000000000166000 	/usr/lib/system/libsystem_pthread.dylib
0x0000000000166000 	/usr/lib/system/libsystem_symptoms.dylib
0x0000000000166000 	/usr/lib/system/libsystem_trace.dylib
0x0000000000166000 	/usr/lib/system/libunwind.dylib
0x0000000000166000 	/usr/lib/system/libxpc.dylib
0x0000000000166000 	/usr/lib/libc++abi.dylib
0x0000000000166000 	/usr/lib/liboah.dylib
0x0000000000166000 	/usr/lib/liblzma.5.dylib
0x0000000000166000 	/System/Library/Frameworks/SystemConfiguration.framework/Versions/A/SystemConfiguration
0x0000000000166000 	/usr/lib/libfakelink.dylib
0x0000000000166000 	/System/Library/Frameworks/CFNetwork.framework/Versions/A/CFNetwork
0x0000000000166000 	/usr/lib/libarchive.2.dylib
0x0000000000166000 	/usr/lib/libCRFSuite.dylib
0x0000000000166000 	/usr/lib/libbsm.0.dylib
0x0000000000166000 	/usr/lib/libnetwork.dylib
0x0000000000166000 	/usr/lib/libpcap.A.dylib
0x0000000000166000 	/usr/lib/libdns_services.dylib
0x0000000000166000 	/usr/lib/libcoretls_cfhelpers.dylib
0x0000000000166000 	/usr/lib/libapple_nghttp2.dylib
0x0000000000166000 	/usr/lib/system/libkxld.dylib
0x0000000000166000 	/usr/lib/libsqlite3.dylib
0x0000000000166000 	/System/Library/PrivateFrameworks/AppleFSCompression.framework/Versions/A/AppleFSCompression
0x0000000000166000 	/usr/lib/libcoretls.dylib
0x0000000000166000 	/usr/lib/libpam.2.dylib
0x0000000000166000 	/usr/lib/libxar.1.dylib
0x0000000000166000 	/System/Library/PrivateFrameworks/AppleSystemInfo.framework/Versions/A/AppleSystemInfo
0x0000000000166000 	/System/Library/PrivateFrameworks/IOMobileFramebuffer.framework/Versions/A/IOMobileFramebuffer
0x0000000000166000 	/usr/lib/libbz2.1.0.dylib
0x0000000000166000 	/usr/lib/libiconv.2.dylib
0x0000000000166000 	/usr/lib/libcharset.1.dylib
0x0000000000166000 	/System/Library/Frameworks/CoreServices.framework/Versions/A/Frameworks/FSEvents.framework/Versions/A/FSEvents
0x0000000000166000 	/System/Library/Frameworks/CoreServices.framework/Versions/A/Frameworks/CarbonCore.framework/Versions/A/CarbonCore
0x0000000000166000 	/System/Library/Frameworks/CoreServices.framework/Versions/A/Frameworks/Metadata.framework/Versions/A/Metadata
0x0000000000166000 	/System/Library/Frameworks/CoreServices.framework/Versions/A/Frameworks/OSServices.framework/Versions/A/OSServices
0x0000000000166000 	/System/Library/Frameworks/CoreServices.framework/Versions/A/Frameworks/SearchKit.framework/Versions/A/SearchKit
0x0000000000166000 	/System/Library/Frameworks/CoreServices.framework/Versions/A/Frameworks/AE.framework/Versions/A/AE
0x0000000000166000 	/System/Library/Frameworks/CoreServices.framework/Versions/A/Frameworks/LaunchServices.framework/Versions/A/LaunchServices
0x0000000000166000 	/System/Library/Frameworks/CoreServices.framework/Versions/A/Frameworks/DictionaryServices.framework/Versions/A/DictionaryServices
0x0000000000166000 	/System/Library/Frameworks/CoreServices.framework/Versions/A/Frameworks/SharedFileList.framework/Versions/A/SharedFileList
0x0000000000166000 	/usr/lib/libCheckFix.dylib
0x0000000000166000 	/System/Library/PrivateFrameworks/TCC.framework/Versions/A/TCC
0x0000000000166000 	/System/Library/PrivateFrameworks/CoreNLP.framework/Versions/A/CoreNLP
0x0000000000166000 	/System/Library/PrivateFrameworks/MetadataUtilities.framework/Versions/A/MetadataUtilities
0x0000000000166000 	/usr/lib/libmecabra.dylib
0x0000000000166000 	/System/Library/Frameworks/MLCompute.framework/Versions/A/MLCompute
0x0000000000166000 	/usr/lib/libmecab.dylib
0x0000000000166000 	/usr/lib/libgermantok.dylib
0x0000000000166000 	/usr/lib/libThaiTokenizer.dylib
0x0000000000166000 	/usr/lib/libChineseTokenizer.dylib
0x0000000000166000 	/System/Library/Frameworks/MetalPerformanceShaders.framework/Versions/A/MetalPerformanceShaders
0x0000000000166000 	/System/Library/Frameworks/Accelerate.framework/Versions/A/Frameworks/vImage.framework/Versions/A/vImage
0x0000000000166000 	/System/Library/Frameworks/Accelerate.framework/Versions/A/Frameworks/vecLib.framework/Versions/A/vecLib
0x0000000000166000 	/System/Library/Frameworks/Accelerate.framework/Versions/A/Frameworks/vecLib.framework/Versions/A/libvMisc.dylib
0x0000000000166000 	/System/Library/Frameworks/Accelerate.framework/Versions/A/Frameworks/vecLib.framework/Versions/A/libvDSP.dylib
0x0000000000166000 	/System/Library/Frameworks/Accelerate.framework/Versions/A/Frameworks/vecLib.framework/Versions/A/libBLAS.dylib
0x0000000000166000 	/System/Library/Frameworks/Accelerate.framework/Versions/A/Frameworks/vecLib.framework/Versions/A/libLAPACK.dylib
0x0000000000166000 	/System/Library/Frameworks/Accelerate.framework/Versions/A/Frameworks/vecLib.framework/Versions/A/libLinearAlgebra.dylib
0x0000000000166000 	/System/Library/Frameworks/Accelerate.framework/Versions/A/Frameworks/vecLib.framework/Versions/A/libSparseBLAS.dylib
0x0000000000166000 	/System/Library/Frameworks/Accelerate.framework/Versions/A/Frameworks/vecLib.framework/Versions/A/libQuadrature.dylib
0x0000000000166000 	/System/Library/Frameworks/Accelerate.framework/Versions/A/Frameworks/vecLib.framework/Versions/A/libBNNS.dylib
0x0000000000166000 	/System/Library/Frameworks/Accelerate.framework/Versions/A/Frameworks/vecLib.framework/Versions/A/libSparse.dylib
0x0000000000166000 	/System/Library/Frameworks/MetalPerformanceShaders.framework/Versions/A/Frameworks/MPSCore.framework/Versions/A/MPSCore
0x0000000000166000 	/System/Library/Frameworks/MetalPerformanceShaders.framework/Versions/A/Frameworks/MPSImage.framework/Versions/A/MPSImage
0x0000000000166000 	/System/Library/Frameworks/MetalPerformanceShaders.framework/Versions/A/Frameworks/MPSNeuralNetwork.framework/Versions/A/MPSNeuralNetwork
0x0000000000166000 	/System/Library/Frameworks/MetalPerformanceShaders.framework/Versions/A/Frameworks/MPSMatrix.framework/Versions/A/MPSMatrix
0x0000000000166000 	/System/Library/Frameworks/MetalPerformanceShaders.framework/Versions/A/Frameworks/MPSRayIntersector.framework/Versions/A/MPSRayIntersector
0x0000000000166000 	/System/Library/Frameworks/MetalPerformanceShaders.framework/Versions/A/Frameworks/MPSNDArray.framework/Versions/A/MPSNDArray
0x0000000000166000 	/System/Library/PrivateFrameworks/MetalTools.framework/Versions/A/MetalTools
0x0000000000166000 	/System/Library/PrivateFrameworks/AggregateDictionary.framework/Versions/A/AggregateDictionary
0x0000000000166000 	/System/Library/PrivateFrameworks/CoreAnalytics.framework/Versions/A/CoreAnalytics
0x0000000000166000 	/System/Library/PrivateFrameworks/AppleSauce.framework/Versions/A/AppleSauce
0x0000000000166000 	/System/Library/PrivateFrameworks/IOAccelerator.framework/Versions/A/IOAccelerator
0x0000000000166000 	/System/Library/Frameworks/OpenGL.framework/Versions/A/Libraries/libCoreFSCache.dylib
0x0000000000166000 	/System/Library/PrivateFrameworks/LanguageModeling.framework/Versions/A/LanguageModeling
0x0000000000166000 	/System/Library/PrivateFrameworks/CoreEmoji.framework/Versions/A/CoreEmoji
0x0000000000166000 	/System/Library/PrivateFrameworks/LinguisticData.framework/Versions/A/LinguisticData
0x0000000000166000 	/System/Library/PrivateFrameworks/Lexicon.framework/Versions/A/Lexicon
0x0000000000166000 	/usr/lib/libcmph.dylib
0x0000000000166000 	/System/Library/Frameworks/OpenDirectory.framework/Versions/A/Frameworks/CFOpenDirectory.framework/Versions/A/CFOpenDirectory
0x0000000000166000 	/System/Library/Frameworks/OpenDirectory.framework/Versions/A/OpenDirectory
0x0000000000166000 	/System/Library/PrivateFrameworks/APFS.framework/Versions/A/APFS
0x0000000000166000 	/System/Library/Frameworks/SecurityFoundation.framework/Versions/A/SecurityFoundation
0x0000000000166000 	/usr/lib/libutil.dylib
0x0000000000166000 	/System/Library/PrivateFrameworks/CoreServicesStore.framework/Versions/A/CoreServicesStore
0x0000000000166000 	/System/Library/Frameworks/ServiceManagement.framework/Versions/A/ServiceManagement
0x0000000000166000 	/usr/lib/libxslt.1.dylib
0x0000000000166000 	/System/Library/PrivateFrameworks/BackgroundTaskManagement.framework/Versions/A/BackgroundTaskManagement
0x0000000000166000 	/System/Library/Frameworks/ImageIO.framework/Versions/A/Resources/libRadiance.dylib
0x0000000000166000 	/System/Library/Frameworks/ImageIO.framework/Versions/A/Resources/libJPEG.dylib
0x0000000000166000 	/System/Library/Frameworks/ImageIO.framework/Versions/A/Resources/libPng.dylib
0x0000000000166000 	/System/Library/Frameworks/ImageIO.framework/Versions/A/Resources/libTIFF.dylib
0x0000000000166000 	/System/Library/Frameworks/ImageIO.framework/Versions/A/Resources/libGIF.dylib
0x0000000000166000 	/System/Library/Frameworks/ImageIO.framework/Versions/A/Resources/libJP2.dylib
0x0000000000166000 	/usr/lib/libexpat.1.dylib
0x0000000000166000 	/System/Library/PrivateFrameworks/AppleJPEG.framework/Versions/A/AppleJPEG
0x0000000000166000 	/System/Library/PrivateFrameworks/FontServices.framework/libFontParser.dylib
0x0000000000166000 	/System/Library/PrivateFrameworks/RunningBoardServices.framework/Versions/A/RunningBoardServices
0x0000000000166000 	/System/Library/PrivateFrameworks/WatchdogClient.framework/Versions/A/WatchdogClient
0x0000000000166000 	/System/Library/Frameworks/CoreDisplay.framework/Versions/A/CoreDisplay
0x0000000000166000 	/System/Library/Frameworks/CoreMedia.framework/Versions/A/CoreMedia
0x0000000000166000 	/System/Library/Frameworks/CoreVideo.framework/Versions/A/CoreVideo
0x0000000000166000 	/System/Library/Frameworks/VideoToolbox.framework/Versions/A/VideoToolbox
0x0000000000166000 	/System/Library/PrivateFrameworks/BaseBoard.framework/Versions/A/BaseBoard
0x0000000000166000 	/System/Library/PrivateFrameworks/PersistentConnection.framework/Versions/A/PersistentConnection
0x0000000000166000 	/System/Library/PrivateFrameworks/ProtocolBuffer.framework/Versions/A/ProtocolBuffer
0x0000000000166000 	/System/Library/PrivateFrameworks/CommonUtilities.framework/Versions/A/CommonUtilities
0x0000000000166000 	/System/Library/PrivateFrameworks/Bom.framework/Versions/A/Bom
0x0000000000166000 	/System/Library/PrivateFrameworks/GPUWrangler.framework/Versions/A/GPUWrangler
0x0000000000166000 	/System/Library/PrivateFrameworks/IOPresentment.framework/Versions/A/IOPresentment
0x0000000000166000 	/System/Library/PrivateFrameworks/DSExternalDisplay.framework/Versions/A/DSExternalDisplay
0x0000000000166000 	/System/Library/PrivateFrameworks/CMCaptureCore.framework/Versions/A/CMCaptureCore
0x0000000000166000 	/System/Library/PrivateFrameworks/AppServerSupport.framework/Versions/A/AppServerSupport
0x0000000000166000 	/System/Library/PrivateFrameworks/perfdata.framework/Versions/A/perfdata
0x0000000000166000 	/System/Library/PrivateFrameworks/AssertionServices.framework/Versions/A/AssertionServices
0x0000000000166000 	/System/Library/PrivateFrameworks/AudioToolboxCore.framework/Versions/A/AudioToolboxCore
0x0000000000166000 	/System/Library/PrivateFrameworks/caulk.framework/Versions/A/caulk
0x0000000000166000 	/System/Library/PrivateFrameworks/SystemPolicy.framework/Versions/A/SystemPolicy
0x0000000000166000 	/usr/lib/libIOReport.dylib
0x0000000000166000 	/usr/lib/libSMC.dylib
0x0000000000166000 	/usr/lib/libAudioToolboxUtility.dylib
0x0000000000166000 	/usr/lib/libmis.dylib
0x0000000000166000 	/System/Library/Frameworks/OpenGL.framework/Versions/A/Libraries/libGLU.dylib
0x0000000000166000 	/System/Library/Frameworks/OpenGL.framework/Versions/A/Libraries/libGFXShared.dylib
0x0000000000166000 	/System/Library/Frameworks/OpenGL.framework/Versions/A/Libraries/libGL.dylib
0x0000000000166000 	/System/Library/Frameworks/OpenGL.framework/Versions/A/Libraries/libGLImage.dylib
0x0000000000166000 	/System/Library/Frameworks/OpenGL.framework/Versions/A/Libraries/libCVMSPluginSupport.dylib
0x0000000000166000 	/System/Library/Frameworks/OpenGL.framework/Versions/A/Libraries/libCoreVMClient.dylib
0x0000000000166000 	/System/Library/Frameworks/OpenCL.framework/Versions/A/OpenCL
0x0000000000166000 	/System/Library/PrivateFrameworks/GraphVisualizer.framework/Versions/A/GraphVisualizer
0x0000000000166000 	/System/Library/PrivateFrameworks/FaceCore.framework/Versions/A/FaceCore
0x0000000000166000 	/System/Library/PrivateFrameworks/OTSVG.framework/Versions/A/OTSVG
0x0000000000166000 	/System/Library/Frameworks/ApplicationServices.framework/Versions/A/Frameworks/ATS.framework/Versions/A/Resources/libFontRegistry.dylib
0x0000000000166000 	/System/Library/PrivateFrameworks/FontServices.framework/libhvf.dylib
0x0000000000166000 	/System/Library/PrivateFrameworks/AppleVA.framework/Versions/A/AppleVA
0x0000000000166000 	/System/Library/Frameworks/ApplicationServices.framework/Versions/A/Frameworks/ATS.framework/Versions/A/ATS
0x0000000000166000 	/System/Library/Frameworks/ApplicationServices.framework/Versions/A/Frameworks/ColorSyncLegacy.framework/Versions/A/ColorSyncLegacy
0x0000000000166000 	/System/Library/Frameworks/ApplicationServices.framework/Versions/A/Frameworks/HIServices.framework/Versions/A/HIServices
0x0000000000166000 	/System/Library/Frameworks/ApplicationServices.framework/Versions/A/Frameworks/LangAnalysis.framework/Versions/A/LangAnalysis
0x0000000000166000 	/System/Library/Frameworks/ApplicationServices.framework/Versions/A/Frameworks/PrintCore.framework/Versions/A/PrintCore
0x0000000000166000 	/System/Library/Frameworks/ApplicationServices.framework/Versions/A/Frameworks/QD.framework/Versions/A/QD
0x0000000000166000 	/System/Library/Frameworks/ApplicationServices.framework/Versions/A/Frameworks/SpeechSynthesis.framework/Versions/A/SpeechSynthesis
0x0000000000166000 	/System/Library/Frameworks/ApplicationServices.framework/Versions/A/Frameworks/ATSUI.framework/Versions/A/ATSUI
0x0000000000166000 	/usr/lib/libcups.2.dylib
0x0000000000166000 	/System/Library/PrivateFrameworks/NetAuth.framework/Versions/A/NetAuth
0x0000000000166000 	/System/Library/Frameworks/Kerberos.framework/Versions/A/Kerberos
0x0000000000166000 	/System/Library/Frameworks/GSS.framework/Versions/A/GSS
0x0000000000166000 	/usr/lib/libresolv.9.dylib
0x0000000000166000 	/System/Library/PrivateFrameworks/Heimdal.framework/Versions/A/Heimdal
0x0000000000166000 	/System/Library/Frameworks/Kerberos.framework/Versions/A/Libraries/libHeimdalProxy.dylib
0x0000000000166000 	/System/Library/Frameworks/Network.framework/Versions/A/Network
0x0000000000166000 	/usr/lib/libheimdal-asn1.dylib
0x0000000000166000 	/System/Library/PrivateFrameworks/CommonAuth.framework/Versions/A/CommonAuth
0x0000000000166000 	/System/Library/PrivateFrameworks/login.framework/Versions/A/Frameworks/loginsupport.framework/Versions/A/loginsupport
0x0000000000166000 	/System/Library/PrivateFrameworks/AudioSession.framework/Versions/A/AudioSession
0x0000000000166000 	/usr/lib/libAudioStatistics.dylib
0x0000000000166000 	/System/Library/PrivateFrameworks/MediaExperience.framework/Versions/A/MediaExperience
0x0000000000166000 	/System/Library/PrivateFrameworks/AudioSession.framework/libSessionUtility.dylib
0x0000000000166000 	/usr/lib/libperfcheck.dylib
0x0000000000166000 	/System/Library/PrivateFrameworks/AudioResourceArbitration.framework/Versions/A/AudioResourceArbitration
0x0000000000166000 	/System/Library/PrivateFrameworks/IconFoundation.framework/Versions/A/IconFoundation
0x0000000000166000 	/System/Library/PrivateFrameworks/SpeechRecognitionCore.framework/Versions/A/SpeechRecognitionCore
0x0000000000166000 	/System/Library/CoreServices/Encodings/libSimplifiedChineseConverter.dylib
0x0000000104800000 	/Library/Java/JavaVirtualMachines/jdk1.8.0_111.jdk/Contents/Home/jre/lib/server/libjvm.dylib
0x0000000000166000 	/usr/lib/libstdc++.6.dylib
0x0000000102375000 	/Library/Java/JavaVirtualMachines/jdk1.8.0_111.jdk/Contents/Home/jre/lib/libverify.dylib
0x0000000102383000 	/Library/Java/JavaVirtualMachines/jdk1.8.0_111.jdk/Contents/Home/jre/lib/libjava.dylib
0x00000001023b9000 	/Library/Java/JavaVirtualMachines/jdk1.8.0_111.jdk/Contents/Home/jre/lib/libjdwp.dylib
0x0000000102404000 	/Library/Java/JavaVirtualMachines/jdk1.8.0_111.jdk/Contents/Home/jre/lib/libnpt.dylib
0x0000000102408000 	/Library/Java/JavaVirtualMachines/jdk1.8.0_111.jdk/Contents/Home/jre/lib/libinstrument.dylib
0x0000000102474000 	/Library/Java/JavaVirtualMachines/jdk1.8.0_111.jdk/Contents/Home/jre/lib/libzip.dylib
0x0000000000166000 	/System/Library/Frameworks/JavaRuntimeSupport.framework/Versions/A/JavaRuntimeSupport
0x0000000000166000 	/System/Library/Frameworks/Carbon.framework/Versions/A/Carbon
0x0000000000166000 	/System/Library/PrivateFrameworks/CoreSymbolication.framework/Versions/A/CoreSymbolication
0x0000000000166000 	/System/Library/Frameworks/Carbon.framework/Versions/A/Frameworks/CommonPanels.framework/Versions/A/CommonPanels
0x0000000000166000 	/System/Library/Frameworks/Carbon.framework/Versions/A/Frameworks/Help.framework/Versions/A/Help
0x0000000000166000 	/System/Library/Frameworks/Carbon.framework/Versions/A/Frameworks/ImageCapture.framework/Versions/A/ImageCapture
0x0000000000166000 	/System/Library/Frameworks/Carbon.framework/Versions/A/Frameworks/OpenScripting.framework/Versions/A/OpenScripting
0x0000000000166000 	/System/Library/Frameworks/Carbon.framework/Versions/A/Frameworks/Ink.framework/Versions/A/Ink
0x0000000000166000 	/System/Library/Frameworks/Carbon.framework/Versions/A/Frameworks/Print.framework/Versions/A/Print
0x0000000000166000 	/System/Library/Frameworks/Carbon.framework/Versions/A/Frameworks/SecurityHI.framework/Versions/A/SecurityHI
0x0000000000166000 	/System/Library/PrivateFrameworks/DebugSymbols.framework/Versions/A/DebugSymbols
0x0000000102761000 	/Library/Java/JavaVirtualMachines/jdk1.8.0_111.jdk/Contents/Home/jre/lib/libdt_socket.dylib
0x000000011beff000 	/Library/Java/JavaVirtualMachines/jdk1.8.0_111.jdk/Contents/Home/jre/lib/libnet.dylib
0x000000011bf16000 	/Library/Java/JavaVirtualMachines/jdk1.8.0_111.jdk/Contents/Home/jre/lib/libmanagement.dylib
0x000000011bf24000 	/Library/Java/JavaVirtualMachines/jdk1.8.0_111.jdk/Contents/Home/jre/lib/libnio.dylib
0x000000011d9fc000 	/Users/alonglamp/Desktop/other/postgraduate/pro/crypto/LightweightGateway/target/classes/native/libwbcrypto.dylib
0x000000011da20000 	/Users/alonglamp/Desktop/other/postgraduate/pro/crypto/LightweightGateway/target/classes/native/test.so
0x000000011dc32000 	/Library/Java/JavaVirtualMachines/jdk1.8.0_111.jdk/Contents/Home/jre/lib/libsunec.dylib
0x000000011e05e000 	/Users/alonglamp/Desktop/other/postgraduate/pro/crypto/LightweightGateway/target/classes/native/main.so

VM Arguments:
jvm_args: -agentlib:jdwp=transport=dt_socket,address=127.0.0.1:64782,suspend=y,server=n -XX:TieredStopAtLevel=1 -Xverify:none -Dspring.output.ansi.enabled=always -javaagent:/Users/alonglamp/Library/Caches/JetBrains/IntelliJIdea2020.3/captureAgent/debugger-agent.jar -Dcom.sun.management.jmxremote -Dspring.jmx.enabled=true -Dspring.liveBeansView.mbeanDomain -Dspring.application.admin.enabled=true -Dfile.encoding=UTF-8 
java_command: com.scnu.LightweightGatewayApplication
java_class_path (initial): /Library/Java/JavaVirtualMachines/jdk1.8.0_111.jdk/Contents/Home/jre/lib/charsets.jar:/Library/Java/JavaVirtualMachines/jdk1.8.0_111.jdk/Contents/Home/jre/lib/deploy.jar:/Library/Java/JavaVirtualMachines/jdk1.8.0_111.jdk/Contents/Home/jre/lib/ext/cldrdata.jar:/Library/Java/JavaVirtualMachines/jdk1.8.0_111.jdk/Contents/Home/jre/lib/ext/dnsns.jar:/Library/Java/JavaVirtualMachines/jdk1.8.0_111.jdk/Contents/Home/jre/lib/ext/jaccess.jar:/Library/Java/JavaVirtualMachines/jdk1.8.0_111.jdk/Contents/Home/jre/lib/ext/jfxrt.jar:/Library/Java/JavaVirtualMachines/jdk1.8.0_111.jdk/Contents/Home/jre/lib/ext/localedata.jar:/Library/Java/JavaVirtualMachines/jdk1.8.0_111.jdk/Contents/Home/jre/lib/ext/nashorn.jar:/Library/Java/JavaVirtualMachines/jdk1.8.0_111.jdk/Contents/Home/jre/lib/ext/sunec.jar:/Library/Java/JavaVirtualMachines/jdk1.8.0_111.jdk/Contents/Home/jre/lib/ext/sunjce_provider.jar:/Library/Java/JavaVirtualMachines/jdk1.8.0_111.jdk/Contents/Home/jre/lib/ext/sunpkcs11.jar:/Library/Java/JavaVirtualMachines/jdk1.8.0_111.jdk/Contents/Home/jre/lib/ext/zipfs.jar:/Library/Java/JavaVirtualMachines/jdk1.8.0_111.jdk/Contents/Home/jre/lib/javaws.jar:/Library/Java/JavaVirtualMachines/jdk1.8.0_111.jdk/Contents/Home/jre/lib/jce.jar:/Library/Java/JavaVirtualMachines/jdk1.8.0_111.jdk/Contents/Home/jre/lib/jfr.jar:/Library/Java/JavaVirtualMachines/jdk1.8.0_111.jdk/Contents/Home/jre/lib/jfxswt.jar:/Library/Java/JavaVirtualMachines/jdk1.8.0_111.jdk/Contents/Home/jre/lib/jsse.jar:/Library/Java/JavaVirtualMachines/jdk1.8.0_111.jdk/Contents/Home/jre/lib/management-agent.jar:/Library/Java/JavaVirtualMachines/jdk1.8.0_111.jdk/Contents/Home/jre/lib/plugin.jar:/Library/Java/JavaVirtualMachines/jdk1.8.0_111.jdk/Contents/Home/jre/lib/resources.jar:/Library/Java/JavaVirtualMachines/jdk1.8.0_111.jdk/Contents/Home/jre/lib/rt.jar:/Library/Java/JavaVirtualMachines/jdk1.8.0_111.jdk/Contents/Home/lib/ant-javafx.jar:/Library/Java/JavaVirtualMachines/jdk1.8.0_111.jdk/Contents/Home
Launcher Type: SUN_STANDARD

Environment Variables:
JAVA_HOME=/Library/Internet Plug-Ins/JavaAppletPlugin.plugin/Contents/Home
CLASSPATH=.:/Library/Internet Plug-Ins/JavaAppletPlugin.plugin/Contents/Home/lib/dt.jar:/Library/Internet Plug-Ins/JavaAppletPlugin.plugin/Contents/Home/lib/tools.jar
PATH=/opt/local/bin:/opt/local/sbin:/Library/Frameworks/Python.framework/Versions/3.8/bin:/Users/alonglamp/miniconda2/bin:/Users/alonglamp/Desktop/other/postgraduate/class/pro/afl/install/usr/local/bin:/Users/alonglamp/java/gradle-5.6.2/bin:/Users/alonglamp/java/apache-ant-1.9.14/bin:/Users/alonglamp/.rvm/gems/ruby-2.4.0/bin:/Users/alonglamp/.rvm/gems/ruby-2.4.0@global/bin:/Users/alonglamp/.rvm/rubies/ruby-2.4.0/bin:/Users/alonglamp/java/maven/apache-maven-3.3.9/bin:/usr/local/mysql/bin:/usr/local/bin:/usr/bin:/bin:/usr/sbin:/sbin:/Library/TeX/texbin:/Library/Apple/usr/bin:/Library/Frameworks/Mono.framework/Versions/Current/Commands:/Users/alonglamp/soft/nginx//sbin:/Users/alonglamp/Desktop/openJDK/apache-ant-1.10.1/bin:/Users/alonglamp/bin:/Users/alonglamp/Library/Android/sdk/ndk-bundle:/Users/alonglamp/.rvm/bin
SHELL=/bin/zsh
DISPLAY=:0

Signal Handlers:
SIGSEGV: [libjvm.dylib+0x5b03ed], sa_mask[0]=11111111011111110111111111111111, sa_flags=SA_ONSTACK|SA_RESTART|SA_SIGINFO
SIGBUS: [libjvm.dylib+0x5b03ed], sa_mask[0]=11111111011111110111111111111111, sa_flags=SA_RESTART|SA_SIGINFO
SIGFPE: [libjvm.dylib+0x48711c], sa_mask[0]=11111111011111110111111111111111, sa_flags=SA_RESTART|SA_SIGINFO
SIGPIPE: [libjvm.dylib+0x48711c], sa_mask[0]=11111111011111110111111111111111, sa_flags=SA_RESTART|SA_SIGINFO
SIGXFSZ: [libjvm.dylib+0x48711c], sa_mask[0]=11111111011111110111111111111111, sa_flags=SA_RESTART|SA_SIGINFO
SIGILL: [libjvm.dylib+0x48711c], sa_mask[0]=11111111011111110111111111111111, sa_flags=SA_RESTART|SA_SIGINFO
SIGUSR1: SIG_DFL, sa_mask[0]=00000000000000000000000000000000, sa_flags=none
SIGUSR2: [libjvm.dylib+0x486c3a], sa_mask[0]=00100000000000000000000000000000, sa_flags=SA_RESTART|SA_SIGINFO
SIGHUP: [libjvm.dylib+0x485211], sa_mask[0]=11111111011111110111111111111111, sa_flags=SA_RESTART|SA_SIGINFO
SIGINT: [libjvm.dylib+0x485211], sa_mask[0]=11111111011111110111111111111111, sa_flags=SA_RESTART|SA_SIGINFO
SIGTERM: [libjvm.dylib+0x485211], sa_mask[0]=11111111011111110111111111111111, sa_flags=SA_RESTART|SA_SIGINFO
SIGQUIT: [libjvm.dylib+0x485211], sa_mask[0]=11111111011111110111111111111111, sa_flags=SA_RESTART|SA_SIGINFO


---------------  S Y S T E M  ---------------

OS:Bsduname:Darwin 20.4.0 Darwin Kernel Version 20.4.0: Thu Apr 22 21:46:47 PDT 2021; root:xnu-7195.101.2~1/RELEASE_X86_64 x86_64
rlimit: STACK 8192k, CORE 0k, NPROC 1392, NOFILE 10240, AS infinity
load average:2.88 3.39 3.41

CPU:total 4 (2 cores per cpu, 2 threads per core) family 6 model 61 stepping 4, cmov, cx8, fxsr, mmx, sse, sse2, sse3, ssse3, sse4.1, sse4.2, popcnt, avx, avx2, aes, clmul, erms, 3dnowpref, lzcnt, ht, tsc, tscinvbit, bmi1, bmi2, adx

Memory: 4k page, physical 8388608k(108320k free)

/proc/meminfo:


vm_info: Java HotSpot(TM) 64-Bit Server VM (25.111-b14) for bsd-amd64 JRE (1.8.0_111-b14), built on Sep 22 2016 15:31:41 by "java_re" with gcc 4.2.1 (Based on Apple Inc. build 5658) (LLVM build 2336.11.00)

time: Mon May 10 18:46:18 2021
elapsed time: 54 seconds (0d 0h 0m 54s)

